<?xml version="1.0" encoding="UTF-8"?>
<!-- Generated by org.testng.reporters.JUnitReportReporter -->
<testsuite skipped="0" hostname="LAPTOP-M0V13TJR" name="testingPackage.testJavaSourceCode" tests="2" failures="0" timestamp="2020-11-19T20:54:19 IST" time="36.156" errors="0">
  <testcase name="citiesSelection" time="7.769" classname="testingPackage.testJavaSourceCode"/>
  <system-out/>
  <testcase name="URL" time="28.387" classname="testingPackage.testJavaSourceCode"/>
  <system-out/>
</testsuite> <!-- testingPackage.testJavaSourceCode -->
