<?xml version="1.0" encoding="UTF-8"?>
<!-- Generated by org.testng.reporters.JUnitReportReporter -->
<testsuite skipped="0" hostname="LAPTOP-M0V13TJR" name="testingPackage.testJavaSourceCode" tests="8" failures="0" timestamp="2020-12-02T18:48:16 IST" time="21.941" errors="0">
  <testcase name="b_sourceCity" time="2.289" classname="testingPackage.testJavaSourceCode"/>
  <system-out/>
  <testcase name="g_infants" time="0.475" classname="testingPackage.testJavaSourceCode"/>
  <system-out/>
  <testcase name="c_destinationCity" time="1.867" classname="testingPackage.testJavaSourceCode"/>
  <system-out/>
  <testcase name="d_dateOfTravel" time="3.004" classname="testingPackage.testJavaSourceCode"/>
  <system-out/>
  <testcase name="e_adults" time="0.652" classname="testingPackage.testJavaSourceCode"/>
  <system-out/>
  <testcase name="h_travelType" time="0.733" classname="testingPackage.testJavaSourceCode"/>
  <system-out/>
  <testcase name="f_childrens" time="0.384" classname="testingPackage.testJavaSourceCode"/>
  <system-out/>
  <testcase name="a_URL" time="12.537" classname="testingPackage.testJavaSourceCode"/>
  <system-out/>
</testsuite> <!-- testingPackage.testJavaSourceCode -->
