<?xml version="1.0" encoding="UTF-8"?>
<!-- Generated by org.testng.reporters.JUnitReportReporter -->
<testsuite skipped="0" hostname="LAPTOP-M0V13TJR" name="testingPackage.testJavaSourceCode" tests="8" failures="0" timestamp="2020-11-20T21:26:07 IST" time="50.362" errors="0">
  <testcase name="b_sourceCity" time="4.469" classname="testingPackage.testJavaSourceCode"/>
  <system-out/>
  <testcase name="e_adults" time="0.978" classname="testingPackage.testJavaSourceCode"/>
  <system-out/>
  <testcase name="c_destinationCity" time="3.483" classname="testingPackage.testJavaSourceCode"/>
  <system-out/>
  <testcase name="h_travelType" time="1.111" classname="testingPackage.testJavaSourceCode"/>
  <system-out/>
  <testcase name="f_childrens" time="0.958" classname="testingPackage.testJavaSourceCode"/>
  <system-out/>
  <testcase name="a_URL" time="28.081" classname="testingPackage.testJavaSourceCode"/>
  <system-out/>
  <testcase name="d_dateOfTravel" time="10.703" classname="testingPackage.testJavaSourceCode"/>
  <system-out/>
  <testcase name="g_infants" time="0.579" classname="testingPackage.testJavaSourceCode"/>
  <system-out/>
</testsuite> <!-- testingPackage.testJavaSourceCode -->
